<?xml version="1.0" encoding="UTF-8"?>
<testsuite name="org.ggp.base.util.gdl.model.SimpleSentenceFormTest" tests="1" skipped="0" failures="0" errors="0" timestamp="2019-05-09T18:30:50" hostname="thinkingpad" time="0.007">
  <properties/>
  <testcase name="testFunctionNesting" classname="org.ggp.base.util.gdl.model.SimpleSentenceFormTest" time="0.007"/>
  <system-out><![CDATA[]]></system-out>
  <system-err><![CDATA[]]></system-err>
</testsuite>
