<?xml version="1.0" encoding="UTF-8"?>
<testsuite name="org.ggp.base.apps.logging.LogSummarizerTest" tests="2" skipped="0" failures="0" errors="0" timestamp="2019-05-09T18:30:48" hostname="thinkingpad" time="0.284">
  <properties/>
  <testcase name="testBasicResponse" classname="org.ggp.base.apps.logging.LogSummarizerTest" time="0.127"/>
  <testcase name="testStuckResponse" classname="org.ggp.base.apps.logging.LogSummarizerTest" time="0.156"/>
  <system-out><![CDATA[1557426648380: Got request for logs for fake_match
1557426648385: Got 38 bytes of logs for fake_match
1557426648387: Successfully replied to log request for fake_match
1557426648491: Got request for logs for fake_match
]]></system-out>
  <system-err><![CDATA[java.net.SocketException: Socket closed
java.net.SocketException: Socket closed
]]></system-err>
</testsuite>
