<?xml version="1.0" encoding="UTF-8"?>
<testsuite name="org.ggp.base.util.gdl.scrambler.GdlScramblerTest" tests="3" skipped="0" failures="0" errors="0" timestamp="2019-05-09T18:30:29" hostname="thinkingpad" time="18.383">
  <properties/>
  <testcase name="testNoOpScrambler" classname="org.ggp.base.util.gdl.scrambler.GdlScramblerTest" time="3.237"/>
  <testcase name="testMappingScrambler" classname="org.ggp.base.util.gdl.scrambler.GdlScramblerTest" time="7.895"/>
  <testcase name="testMappingScramblerConsistency" classname="org.ggp.base.util.gdl.scrambler.GdlScramblerTest" time="7.238"/>
  <system-out><![CDATA[]]></system-out>
  <system-err><![CDATA[]]></system-err>
</testsuite>
