<?xml version="1.0" encoding="UTF-8"?>
<testsuite name="org.ggp.base.player.gamer.python.PythonGamerTest" tests="1" skipped="0" failures="0" errors="0" timestamp="2019-05-09T18:30:48" hostname="thinkingpad" time="2.025">
  <properties/>
  <testcase name="testPythonGamer" classname="org.ggp.base.player.gamer.python.PythonGamerTest" time="2.025"/>
  <system-out><![CDATA[]]></system-out>
  <system-err><![CDATA[]]></system-err>
</testsuite>
